User belongs to experiment group 'ShowPlayIcon - control'
User belongs to experiment group 'LS - control'
Starting Microsoft Python language server.
[Info  - 9:10:42] Analysis cache path: /home/f4doraofdoom/snap/vscode/common/.cache/Microsoft/Python Language Server
[Info  - 9:10:42] GetCurrentSearchPaths /usr/bin/python 
[Info  - 9:10:42] Interpreter search paths:
[Info  - 9:10:42]     /usr/lib/python2.7
[Info  - 9:10:42]     /usr/lib/python2.7/plat-x86_64-linux-gnu
[Info  - 9:10:42]     /usr/lib/python2.7/lib-tk
[Info  - 9:10:42]     /usr/lib/python2.7/lib-dynload
[Info  - 9:10:42]     /home/f4doraofdoom/.local/lib/python2.7/site-packages
[Info  - 9:10:42]     /usr/local/lib/python2.7/dist-packages
[Info  - 9:10:42]     /usr/lib/python2.7/dist-packages
[Info  - 9:10:42]     /usr/lib/python2.7/dist-packages/gtk-2.0
[Info  - 9:10:42] User search paths:
[Info  - 9:10:42] Microsoft Python Language Server version 0.3.66.0
[Info  - 9:10:42] Initializing for /usr/bin/python
[Info  - 9:14:16] Analysis cache path: /home/f4doraofdoom/snap/vscode/common/.cache/Microsoft/Python Language Server
[Info  - 9:14:16] GetCurrentSearchPaths /usr/bin/python3 
[Info  - 9:14:16] Interpreter search paths:
[Info  - 9:14:16]     /usr/lib/python3.6
[Info  - 9:14:16]     /usr/lib/python3.6/lib-dynload
[Info  - 9:14:16]     /usr/local/lib/python3.6/dist-packages
[Info  - 9:14:16]     /usr/lib/python3/dist-packages
[Info  - 9:14:16] User search paths:
[Info  - 9:14:17] Microsoft Python Language Server version 0.3.66.0
[Info  - 9:14:17] Initializing for /usr/bin/python3
[Info  - 9:14:33] Analysis cache path: /home/f4doraofdoom/snap/vscode/common/.cache/Microsoft/Python Language Server
[Info  - 9:14:33] GetCurrentSearchPaths /usr/bin/python 
[Info  - 9:14:33] Interpreter search paths:
[Info  - 9:14:33]     /usr/lib/python2.7
[Info  - 9:14:33]     /usr/lib/python2.7/plat-x86_64-linux-gnu
[Info  - 9:14:33]     /usr/lib/python2.7/lib-tk
[Info  - 9:14:33]     /usr/lib/python2.7/lib-dynload
[Info  - 9:14:33]     /home/f4doraofdoom/.local/lib/python2.7/site-packages
[Info  - 9:14:33]     /usr/local/lib/python2.7/dist-packages
[Info  - 9:14:33]     /usr/lib/python2.7/dist-packages
[Info  - 9:14:33]     /usr/lib/python2.7/dist-packages/gtk-2.0
[Info  - 9:14:33] User search paths:
[Info  - 9:14:34] Microsoft Python Language Server version 0.3.66.0
[Info  - 9:14:34] Initializing for /usr/bin/python
[Info  - 9:15:33] Reloading modules... 
[Info  - 9:15:34] GetCurrentSearchPaths /usr/bin/python 
[Info  - 9:15:34] Interpreter search paths:
[Info  - 9:15:34]     /usr/lib/python2.7
[Info  - 9:15:34]     /usr/lib/python2.7/plat-x86_64-linux-gnu
[Info  - 9:15:34]     /usr/lib/python2.7/lib-tk
[Info  - 9:15:34]     /usr/lib/python2.7/lib-dynload
[Info  - 9:15:34]     /home/f4doraofdoom/.local/lib/python2.7/site-packages
[Info  - 9:15:34]     /usr/local/lib/python2.7/dist-packages
[Info  - 9:15:34]     /usr/lib/python2.7/dist-packages
[Info  - 9:15:34]     /usr/lib/python2.7/dist-packages/gtk-2.0
[Info  - 9:15:34] User search paths:
[Info  - 9:15:34] done.
[Info  - 9:15:34] Analysis restarted.
