[2019-08-28 09:56:17.715] [renderer1] [error] Tree element not found: [object Object]: Error: Tree element not found: [object Object]
    at s.getElementLocation (file:///snap/vscode/93/usr/share/code/resources/app/out/vs/workbench/workbench.main.js:91:674)
    at s.isCollapsed (file:///snap/vscode/93/usr/share/code/resources/app/out/vs/workbench/workbench.main.js:91:14)
    at j.isCollapsed (file:///snap/vscode/93/usr/share/code/resources/app/out/vs/workbench/workbench.main.js:940:572)
    at B.revealMarkersForCurrentActiveEditor (file:///snap/vscode/93/usr/share/code/resources/app/out/vs/workbench/workbench.main.js:5301:237)
    at B.autoReveal (file:///snap/vscode/93/usr/share/code/resources/app/out/vs/workbench/workbench.main.js:5301:94)
    at B.onActiveEditorChanged (file:///snap/vscode/93/usr/share/code/resources/app/out/vs/workbench/workbench.main.js:5298:531)
    at B._register.e (file:///snap/vscode/93/usr/share/code/resources/app/out/vs/workbench/workbench.main.js:5297:572)
    at d.fire (file:///snap/vscode/93/usr/share/code/resources/app/out/vs/workbench/workbench.main.js:75:436)
    at setTimeout (file:///snap/vscode/93/usr/share/code/resources/app/out/vs/workbench/workbench.main.js:71:973)
[2019-08-28 09:57:46.008] [renderer1] [error] Tree element not found: [object Object]: Error: Tree element not found: [object Object]
    at s.getElementLocation (file:///snap/vscode/93/usr/share/code/resources/app/out/vs/workbench/workbench.main.js:91:674)
    at s.isCollapsed (file:///snap/vscode/93/usr/share/code/resources/app/out/vs/workbench/workbench.main.js:91:14)
    at j.isCollapsed (file:///snap/vscode/93/usr/share/code/resources/app/out/vs/workbench/workbench.main.js:940:572)
    at B.revealMarkersForCurrentActiveEditor (file:///snap/vscode/93/usr/share/code/resources/app/out/vs/workbench/workbench.main.js:5301:237)
    at B.autoReveal (file:///snap/vscode/93/usr/share/code/resources/app/out/vs/workbench/workbench.main.js:5301:94)
    at B.onActiveEditorChanged (file:///snap/vscode/93/usr/share/code/resources/app/out/vs/workbench/workbench.main.js:5298:531)
    at B._register.e (file:///snap/vscode/93/usr/share/code/resources/app/out/vs/workbench/workbench.main.js:5297:572)
    at d.fire (file:///snap/vscode/93/usr/share/code/resources/app/out/vs/workbench/workbench.main.js:75:436)
    at setTimeout (file:///snap/vscode/93/usr/share/code/resources/app/out/vs/workbench/workbench.main.js:71:973)
[2019-08-28 09:57:55.278] [renderer1] [error] Tree element not found: [object Object]: Error: Tree element not found: [object Object]
    at s.getElementLocation (file:///snap/vscode/93/usr/share/code/resources/app/out/vs/workbench/workbench.main.js:91:674)
    at s.isCollapsed (file:///snap/vscode/93/usr/share/code/resources/app/out/vs/workbench/workbench.main.js:91:14)
    at j.isCollapsed (file:///snap/vscode/93/usr/share/code/resources/app/out/vs/workbench/workbench.main.js:940:572)
    at B.revealMarkersForCurrentActiveEditor (file:///snap/vscode/93/usr/share/code/resources/app/out/vs/workbench/workbench.main.js:5301:237)
    at B.autoReveal (file:///snap/vscode/93/usr/share/code/resources/app/out/vs/workbench/workbench.main.js:5301:94)
    at B.onActiveEditorChanged (file:///snap/vscode/93/usr/share/code/resources/app/out/vs/workbench/workbench.main.js:5298:531)
    at B._register.e (file:///snap/vscode/93/usr/share/code/resources/app/out/vs/workbench/workbench.main.js:5297:572)
    at d.fire (file:///snap/vscode/93/usr/share/code/resources/app/out/vs/workbench/workbench.main.js:75:436)
    at setTimeout (file:///snap/vscode/93/usr/share/code/resources/app/out/vs/workbench/workbench.main.js:71:973)
[2019-08-28 09:58:28.901] [renderer1] [error] Tree element not found: [object Object]: Error: Tree element not found: [object Object]
    at s.getElementLocation (file:///snap/vscode/93/usr/share/code/resources/app/out/vs/workbench/workbench.main.js:91:674)
    at s.isCollapsed (file:///snap/vscode/93/usr/share/code/resources/app/out/vs/workbench/workbench.main.js:91:14)
    at j.isCollapsed (file:///snap/vscode/93/usr/share/code/resources/app/out/vs/workbench/workbench.main.js:940:572)
    at B.revealMarkersForCurrentActiveEditor (file:///snap/vscode/93/usr/share/code/resources/app/out/vs/workbench/workbench.main.js:5301:237)
    at B.autoReveal (file:///snap/vscode/93/usr/share/code/resources/app/out/vs/workbench/workbench.main.js:5301:94)
    at B.onActiveEditorChanged (file:///snap/vscode/93/usr/share/code/resources/app/out/vs/workbench/workbench.main.js:5298:531)
    at B._register.e (file:///snap/vscode/93/usr/share/code/resources/app/out/vs/workbench/workbench.main.js:5297:572)
    at d.fire (file:///snap/vscode/93/usr/share/code/resources/app/out/vs/workbench/workbench.main.js:75:436)
    at setTimeout (file:///snap/vscode/93/usr/share/code/resources/app/out/vs/workbench/workbench.main.js:71:973)
