[2019-08-28 09:59:51.202] [exthost] [info] extension host started
[2019-08-28 09:59:51.223] [exthost] [info] ExtensionService#_doActivateExtension vscode.debug-auto-launch {"startup":true,"activationEvent":"*"}
[2019-08-28 09:59:51.223] [exthost] [info] ExtensionService#loadCommonJSModule /snap/vscode/93/usr/share/code/resources/app/extensions/debug-auto-launch/dist/extension
[2019-08-28 09:59:51.225] [exthost] [info] ExtensionService#_doActivateExtension vscode.emmet {"startup":true,"activationEvent":"*"}
[2019-08-28 09:59:51.225] [exthost] [info] ExtensionService#loadCommonJSModule /snap/vscode/93/usr/share/code/resources/app/extensions/emmet/dist/extension
[2019-08-28 09:59:51.241] [exthost] [info] ExtensionService#_doActivateExtension vscode.git {"startup":true,"activationEvent":"*"}
[2019-08-28 09:59:51.241] [exthost] [info] ExtensionService#loadCommonJSModule /snap/vscode/93/usr/share/code/resources/app/extensions/git/dist/main
[2019-08-28 09:59:51.319] [exthost] [info] ExtensionService#_doActivateExtension vscode.merge-conflict {"startup":true,"activationEvent":"*"}
[2019-08-28 09:59:51.319] [exthost] [info] ExtensionService#loadCommonJSModule /snap/vscode/93/usr/share/code/resources/app/extensions/merge-conflict/dist/extension
[2019-08-28 09:59:51.325] [exthost] [info] ExtensionService#_doActivateExtension eamodio.gitlens {"startup":true,"activationEvent":"*"}
[2019-08-28 09:59:51.325] [exthost] [info] ExtensionService#loadCommonJSModule /home/f4doraofdoom/.vscode/extensions/eamodio.gitlens-9.9.1/dist/extension
[2019-08-28 09:59:51.449] [exthost] [info] ExtensionService#_doActivateExtension Equinusocio.vsc-material-theme {"startup":true,"activationEvent":"*"}
[2019-08-28 09:59:51.449] [exthost] [info] ExtensionService#loadCommonJSModule /home/f4doraofdoom/.vscode/extensions/equinusocio.vsc-material-theme-29.2.0/out/src/material.theme.config
[2019-08-28 09:59:51.454] [exthost] [info] ExtensionService#_doActivateExtension ms-vsliveshare.vsliveshare {"startup":true,"activationEvent":"*"}
[2019-08-28 09:59:51.454] [exthost] [info] ExtensionService#loadCommonJSModule /home/f4doraofdoom/.vscode/extensions/ms-vsliveshare.vsliveshare-1.0.721/out/prod/extension-prod
[2019-08-28 09:59:52.045] [exthost] [info] ExtensionService#_doActivateExtension PKief.material-icon-theme {"startup":true,"activationEvent":"*"}
[2019-08-28 09:59:52.045] [exthost] [info] ExtensionService#loadCommonJSModule /home/f4doraofdoom/.vscode/extensions/pkief.material-icon-theme-3.8.1/dist/extension
[2019-08-28 09:59:52.059] [exthost] [info] eager extensions activated
[2019-08-28 09:59:54.333] [exthost] [info] ExtensionService#_doActivateExtension vscode.python {"startup":false,"activationEvent":"onLanguage:python"}
[2019-08-28 09:59:54.333] [exthost] [info] ExtensionService#loadCommonJSModule /snap/vscode/93/usr/share/code/resources/app/extensions/python/out/pythonMain
[2019-08-28 09:59:54.334] [exthost] [info] ExtensionService#_doActivateExtension ms-python.python {"startup":false,"activationEvent":"onLanguage:python"}
[2019-08-28 09:59:54.334] [exthost] [info] ExtensionService#loadCommonJSModule /home/f4doraofdoom/.vscode/extensions/ms-python.python-2019.6.24221/out/client/extension
[2019-08-28 09:59:54.773] [exthost] [info] ExtensionService#_doActivateExtension VisualStudioExptTeam.vscodeintellicode {"startup":false,"activationEvent":"onLanguage:python"}
[2019-08-28 09:59:54.773] [exthost] [info] ExtensionService#loadCommonJSModule /home/f4doraofdoom/.vscode/extensions/visualstudioexptteam.vscodeintellicode-1.1.9/dist/intellicode
