[2019-08-28 09:10:33.059] [exthost] [info] extension host started
[2019-08-28 09:10:33.074] [exthost] [info] ExtensionService#_doActivateExtension vscode.debug-auto-launch {"startup":true,"activationEvent":"*"}
[2019-08-28 09:10:33.074] [exthost] [info] ExtensionService#loadCommonJSModule /snap/vscode/93/usr/share/code/resources/app/extensions/debug-auto-launch/dist/extension
[2019-08-28 09:10:33.076] [exthost] [info] ExtensionService#_doActivateExtension vscode.emmet {"startup":true,"activationEvent":"*"}
[2019-08-28 09:10:33.076] [exthost] [info] ExtensionService#loadCommonJSModule /snap/vscode/93/usr/share/code/resources/app/extensions/emmet/dist/extension
[2019-08-28 09:10:33.087] [exthost] [info] ExtensionService#_doActivateExtension vscode.git {"startup":true,"activationEvent":"*"}
[2019-08-28 09:10:33.087] [exthost] [info] ExtensionService#loadCommonJSModule /snap/vscode/93/usr/share/code/resources/app/extensions/git/dist/main
[2019-08-28 09:10:33.159] [exthost] [info] ExtensionService#_doActivateExtension vscode.merge-conflict {"startup":true,"activationEvent":"*"}
[2019-08-28 09:10:33.159] [exthost] [info] ExtensionService#loadCommonJSModule /snap/vscode/93/usr/share/code/resources/app/extensions/merge-conflict/dist/extension
[2019-08-28 09:10:33.163] [exthost] [info] ExtensionService#_doActivateExtension eamodio.gitlens {"startup":true,"activationEvent":"*"}
[2019-08-28 09:10:33.163] [exthost] [info] ExtensionService#loadCommonJSModule /home/f4doraofdoom/.vscode/extensions/eamodio.gitlens-9.9.1/dist/extension
[2019-08-28 09:10:33.294] [exthost] [info] ExtensionService#_doActivateExtension Equinusocio.vsc-material-theme {"startup":true,"activationEvent":"*"}
[2019-08-28 09:10:33.294] [exthost] [info] ExtensionService#loadCommonJSModule /home/f4doraofdoom/.vscode/extensions/equinusocio.vsc-material-theme-29.2.0/out/src/material.theme.config
[2019-08-28 09:10:33.299] [exthost] [info] ExtensionService#_doActivateExtension ms-vsliveshare.vsliveshare {"startup":true,"activationEvent":"*"}
[2019-08-28 09:10:33.299] [exthost] [info] ExtensionService#loadCommonJSModule /home/f4doraofdoom/.vscode/extensions/ms-vsliveshare.vsliveshare-1.0.721/out/prod/extension-prod
[2019-08-28 09:10:33.869] [exthost] [info] ExtensionService#_doActivateExtension PKief.material-icon-theme {"startup":true,"activationEvent":"*"}
[2019-08-28 09:10:33.869] [exthost] [info] ExtensionService#loadCommonJSModule /home/f4doraofdoom/.vscode/extensions/pkief.material-icon-theme-3.8.1/dist/extension
[2019-08-28 09:10:33.883] [exthost] [info] eager extensions activated
[2019-08-28 09:10:40.864] [exthost] [info] ExtensionService#_doActivateExtension vscode.python {"startup":false,"activationEvent":"onLanguage:python"}
[2019-08-28 09:10:40.864] [exthost] [info] ExtensionService#loadCommonJSModule /snap/vscode/93/usr/share/code/resources/app/extensions/python/out/pythonMain
[2019-08-28 09:10:40.864] [exthost] [info] ExtensionService#_doActivateExtension ms-python.python {"startup":false,"activationEvent":"onLanguage:python"}
[2019-08-28 09:10:40.864] [exthost] [info] ExtensionService#loadCommonJSModule /home/f4doraofdoom/.vscode/extensions/ms-python.python-2019.6.24221/out/client/extension
[2019-08-28 09:10:41.260] [exthost] [info] ExtensionService#_doActivateExtension VisualStudioExptTeam.vscodeintellicode {"startup":false,"activationEvent":"onLanguage:python"}
[2019-08-28 09:10:41.260] [exthost] [info] ExtensionService#loadCommonJSModule /home/f4doraofdoom/.vscode/extensions/visualstudioexptteam.vscodeintellicode-1.1.9/dist/intellicode
[2019-08-28 09:10:44.206] [exthost] [info] ExtensionService#_doActivateExtension vscode.configuration-editing {"startup":false,"activationEvent":"onLanguage:jsonc"}
[2019-08-28 09:10:44.206] [exthost] [info] ExtensionService#loadCommonJSModule /snap/vscode/93/usr/share/code/resources/app/extensions/configuration-editing/dist/extension
[2019-08-28 09:10:44.213] [exthost] [info] ExtensionService#_doActivateExtension vscode.json-language-features {"startup":false,"activationEvent":"onLanguage:jsonc"}
[2019-08-28 09:10:44.213] [exthost] [info] ExtensionService#loadCommonJSModule /snap/vscode/93/usr/share/code/resources/app/extensions/json-language-features/client/dist/jsonMain
[2019-08-28 09:10:44.262] [exthost] [info] ExtensionService#_doActivateExtension vscode.typescript-language-features {"startup":false,"activationEvent":"onLanguage:jsonc"}
[2019-08-28 09:10:44.262] [exthost] [info] ExtensionService#loadCommonJSModule /snap/vscode/93/usr/share/code/resources/app/extensions/typescript-language-features/dist/extension
