[2019-08-28 07:44:30.436] [sharedprocess] [info] main {"machineId":"3ecfcf215901fd7fb97e5899a0f493d04a552458c742077dfa999330572be4ca"}
[2019-08-28 07:44:30.500] [sharedprocess] [info] Scanned user extensions: 0
[2019-08-28 07:44:30.514] [sharedprocess] [info] Scanned user extensions: 0
[2019-08-28 07:44:30.517] [sharedprocess] [info] Scanned user extensions: 0
[2019-08-28 07:44:30.571] [sharedprocess] [info] Scanned system extensions: 72
[2019-08-28 07:44:30.574] [sharedprocess] [info] Scanned system extensions: 72
[2019-08-28 07:44:30.577] [sharedprocess] [info] Scanned system extensions: 72
[2019-08-28 07:44:32.179] [sharedprocess] [info] Scanned user extensions: 0
[2019-08-28 07:44:32.180] [sharedprocess] [info] Scanned user extensions: 0
[2019-08-28 07:44:32.180] [sharedprocess] [info] Scanned user extensions: 0
[2019-08-28 07:44:37.834] [sharedprocess] [info] Scanned user extensions: 0
[2019-08-28 07:44:37.836] [sharedprocess] [info] Scanned user extensions: 0
[2019-08-28 07:44:37.837] [sharedprocess] [info] Scanned user extensions: 0
[2019-08-28 07:44:37.842] [sharedprocess] [info] Scanned user extensions: 0
[2019-08-28 07:44:37.887] [sharedprocess] [info] Scanned system extensions: 72
[2019-08-28 07:44:37.891] [sharedprocess] [info] Scanned system extensions: 72
[2019-08-28 07:44:37.894] [sharedprocess] [info] Scanned system extensions: 72
[2019-08-28 07:44:43.602] [sharedprocess] [info] Installing extension: ms-vscode.cpptools
[2019-08-28 07:44:43.605] [sharedprocess] [info] Scanned user extensions: 0
[2019-08-28 07:44:44.814] [sharedprocess] [info] Downloaded extension: ms-vscode.cpptools /tmp/9846e79e-6665-4005-99d9-334ecbac93de
[2019-08-28 07:44:45.452] [sharedprocess] [info] Extracted extension to /home/f4doraofdoom/.vscode/extensions/.ms-vscode.cpptools-0.25.0: ms-vscode.cpptools
[2019-08-28 07:44:45.452] [sharedprocess] [info] Renamed to /home/f4doraofdoom/.vscode/extensions/ms-vscode.cpptools-0.25.0
[2019-08-28 07:44:45.463] [sharedprocess] [info] Installation completed. ms-vscode.cpptools
[2019-08-28 07:44:45.479] [sharedprocess] [info] Extensions installed successfully: ms-vscode.cpptools
[2019-08-28 07:45:07.745] [sharedprocess] [info] Scanned user extensions: 1
[2019-08-28 07:45:07.764] [sharedprocess] [info] Scanned system extensions: 72
[2019-08-28 07:45:10.453] [sharedprocess] [info] Starting to clean up unused language packs.
[2019-08-28 07:45:16.973] [sharedprocess] [info] Installing extension: ms-python.python
[2019-08-28 07:45:17.252] [sharedprocess] [info] Scanned user extensions: 1
[2019-08-28 07:45:22.240] [sharedprocess] [info] Downloaded extension: ms-python.python /tmp/15c73288-fd5a-4960-9f45-50a59784f6cb
[2019-08-28 07:45:23.072] [sharedprocess] [info] Extracted extension to /home/f4doraofdoom/.vscode/extensions/.ms-python.python-2019.6.24221: ms-python.python
[2019-08-28 07:45:23.072] [sharedprocess] [info] Renamed to /home/f4doraofdoom/.vscode/extensions/ms-python.python-2019.6.24221
[2019-08-28 07:45:23.077] [sharedprocess] [info] Installation completed. ms-python.python
[2019-08-28 07:45:23.088] [sharedprocess] [info] Extensions installed successfully: ms-python.python
[2019-08-28 07:45:24.972] [sharedprocess] [info] Scanned user extensions: 2
[2019-08-28 07:45:24.993] [sharedprocess] [info] Scanned system extensions: 72
[2019-08-28 07:45:29.778] [sharedprocess] [info] Installing extension: eamodio.gitlens
[2019-08-28 07:45:30.340] [sharedprocess] [info] Scanned user extensions: 2
[2019-08-28 07:45:31.515] [sharedprocess] [info] Downloaded extension: eamodio.gitlens /tmp/7714fe3c-fe92-4d45-8381-9d696cfcbc18
[2019-08-28 07:45:31.748] [sharedprocess] [info] Extracted extension to /home/f4doraofdoom/.vscode/extensions/.eamodio.gitlens-9.9.1: eamodio.gitlens
[2019-08-28 07:45:31.748] [sharedprocess] [info] Renamed to /home/f4doraofdoom/.vscode/extensions/eamodio.gitlens-9.9.1
[2019-08-28 07:45:31.754] [sharedprocess] [info] Installation completed. eamodio.gitlens
[2019-08-28 07:45:31.773] [sharedprocess] [info] Extensions installed successfully: eamodio.gitlens
[2019-08-28 07:46:14.100] [sharedprocess] [info] Installing extension: ms-vsliveshare.vsliveshare
[2019-08-28 07:46:14.116] [sharedprocess] [info] Scanned user extensions: 3
[2019-08-28 07:46:20.630] [sharedprocess] [info] Downloaded extension: ms-vsliveshare.vsliveshare /tmp/87dde203-a057-4bc7-9279-10bc4af92f8f
[2019-08-28 07:46:21.236] [sharedprocess] [info] Extracted extension to /home/f4doraofdoom/.vscode/extensions/.ms-vsliveshare.vsliveshare-1.0.721: ms-vsliveshare.vsliveshare
[2019-08-28 07:46:21.236] [sharedprocess] [info] Renamed to /home/f4doraofdoom/.vscode/extensions/ms-vsliveshare.vsliveshare-1.0.721
[2019-08-28 07:46:21.238] [sharedprocess] [info] Installation completed. ms-vsliveshare.vsliveshare
[2019-08-28 07:46:21.249] [sharedprocess] [info] Extensions installed successfully: ms-vsliveshare.vsliveshare
[2019-08-28 07:46:26.160] [sharedprocess] [info] Installing extension: visualstudioexptteam.vscodeintellicode
[2019-08-28 07:46:26.181] [sharedprocess] [info] Scanned user extensions: 4
[2019-08-28 07:46:27.785] [sharedprocess] [info] Downloaded extension: visualstudioexptteam.vscodeintellicode /tmp/e9b50f75-6ce0-4ead-ac37-88db191427b9
[2019-08-28 07:46:27.855] [sharedprocess] [info] Extracted extension to /home/f4doraofdoom/.vscode/extensions/.visualstudioexptteam.vscodeintellicode-1.1.9: visualstudioexptteam.vscodeintellicode
[2019-08-28 07:46:27.856] [sharedprocess] [info] Renamed to /home/f4doraofdoom/.vscode/extensions/visualstudioexptteam.vscodeintellicode-1.1.9
[2019-08-28 07:46:27.856] [sharedprocess] [info] Installation completed. visualstudioexptteam.vscodeintellicode
[2019-08-28 07:46:27.863] [sharedprocess] [info] Extensions installed successfully: visualstudioexptteam.vscodeintellicode
[2019-08-28 07:47:14.945] [sharedprocess] [info] Installing extension: akamud.vscode-theme-onedark
[2019-08-28 07:47:14.960] [sharedprocess] [info] Scanned user extensions: 5
[2019-08-28 07:47:15.409] [sharedprocess] [info] Downloaded extension: akamud.vscode-theme-onedark /tmp/ab900fa6-2da3-4139-a784-07d341feefa4
[2019-08-28 07:47:15.419] [sharedprocess] [info] Extracted extension to /home/f4doraofdoom/.vscode/extensions/.akamud.vscode-theme-onedark-2.1.0: akamud.vscode-theme-onedark
[2019-08-28 07:47:15.419] [sharedprocess] [info] Renamed to /home/f4doraofdoom/.vscode/extensions/akamud.vscode-theme-onedark-2.1.0
[2019-08-28 07:47:15.420] [sharedprocess] [info] Installation completed. akamud.vscode-theme-onedark
[2019-08-28 07:47:15.438] [sharedprocess] [info] Extensions installed successfully: akamud.vscode-theme-onedark
[2019-08-28 07:47:45.905] [sharedprocess] [info] Installing extension: equinusocio.vsc-material-theme
[2019-08-28 07:47:46.160] [sharedprocess] [info] Scanned user extensions: 6
[2019-08-28 07:47:47.358] [sharedprocess] [info] Downloaded extension: equinusocio.vsc-material-theme /tmp/2e233982-0f06-4787-9903-449cd69be8a6
[2019-08-28 07:47:47.416] [sharedprocess] [info] Extracted extension to /home/f4doraofdoom/.vscode/extensions/.equinusocio.vsc-material-theme-29.2.0: equinusocio.vsc-material-theme
[2019-08-28 07:47:47.416] [sharedprocess] [info] Renamed to /home/f4doraofdoom/.vscode/extensions/equinusocio.vsc-material-theme-29.2.0
[2019-08-28 07:47:47.416] [sharedprocess] [info] Installation completed. equinusocio.vsc-material-theme
[2019-08-28 07:47:47.423] [sharedprocess] [info] Extensions installed successfully: equinusocio.vsc-material-theme
[2019-08-28 07:47:50.873] [sharedprocess] [info] Installing extension: pkief.material-icon-theme
[2019-08-28 07:47:50.891] [sharedprocess] [info] Scanned user extensions: 7
[2019-08-28 07:47:51.450] [sharedprocess] [info] Downloaded extension: pkief.material-icon-theme /tmp/0588a0c4-9ee4-4bb4-bdef-3b0e4a2a88eb
[2019-08-28 07:47:51.916] [sharedprocess] [info] Extracted extension to /home/f4doraofdoom/.vscode/extensions/.pkief.material-icon-theme-3.8.1: pkief.material-icon-theme
[2019-08-28 07:47:51.916] [sharedprocess] [info] Renamed to /home/f4doraofdoom/.vscode/extensions/pkief.material-icon-theme-3.8.1
[2019-08-28 07:47:51.917] [sharedprocess] [info] Installation completed. pkief.material-icon-theme
[2019-08-28 07:47:51.942] [sharedprocess] [info] Extensions installed successfully: pkief.material-icon-theme
[2019-08-28 07:47:56.732] [sharedprocess] [info] Scanned user extensions: 8
[2019-08-28 07:47:56.742] [sharedprocess] [info] Scanned user extensions: 8
[2019-08-28 07:47:56.749] [sharedprocess] [info] Scanned user extensions: 8
[2019-08-28 07:47:56.755] [sharedprocess] [info] Scanned user extensions: 8
[2019-08-28 07:47:56.762] [sharedprocess] [info] Scanned user extensions: 8
[2019-08-28 07:47:56.807] [sharedprocess] [info] Scanned system extensions: 72
[2019-08-28 07:47:56.816] [sharedprocess] [info] Scanned system extensions: 72
[2019-08-28 07:47:56.829] [sharedprocess] [info] Scanned system extensions: 72
[2019-08-28 07:47:56.838] [sharedprocess] [info] Scanned system extensions: 72
[2019-08-28 07:47:59.142] [sharedprocess] [info] Scanned user extensions: 8
[2019-08-28 07:49:09.967] [sharedprocess] [info] Scanned user extensions: 8
[2019-08-28 07:49:09.978] [sharedprocess] [info] Scanned user extensions: 8
[2019-08-28 07:49:09.993] [sharedprocess] [info] Scanned system extensions: 72
[2019-08-28 07:49:10.006] [sharedprocess] [info] Scanned system extensions: 72
[2019-08-28 07:49:12.272] [sharedprocess] [info] Scanned user extensions: 8
[2019-08-28 07:49:18.712] [sharedprocess] [info] Scanned user extensions: 8
[2019-08-28 07:49:18.717] [sharedprocess] [info] Scanned system extensions: 72
[2019-08-28 07:49:30.701] [sharedprocess] [info] Scanned user extensions: 8
[2019-08-28 07:49:30.709] [sharedprocess] [info] Scanned user extensions: 8
[2019-08-28 07:49:30.716] [sharedprocess] [info] Scanned user extensions: 8
[2019-08-28 07:49:30.736] [sharedprocess] [info] Scanned system extensions: 72
[2019-08-28 07:49:30.744] [sharedprocess] [info] Scanned system extensions: 72
[2019-08-28 07:49:30.752] [sharedprocess] [info] Scanned system extensions: 72
[2019-08-28 07:49:30.830] [sharedprocess] [info] Scanned user extensions: 8
[2019-08-28 07:49:30.837] [sharedprocess] [info] Scanned system extensions: 72
[2019-08-28 07:49:33.488] [sharedprocess] [info] Scanned user extensions: 8
[2019-08-28 07:50:21.547] [sharedprocess] [info] Scanned user extensions: 8
[2019-08-28 07:50:21.557] [sharedprocess] [info] Scanned user extensions: 8
[2019-08-28 07:50:21.562] [sharedprocess] [info] Scanned user extensions: 8
[2019-08-28 07:50:21.571] [sharedprocess] [info] Scanned user extensions: 8
[2019-08-28 07:50:21.589] [sharedprocess] [info] Scanned system extensions: 72
[2019-08-28 07:50:21.597] [sharedprocess] [info] Scanned system extensions: 72
[2019-08-28 07:50:21.605] [sharedprocess] [info] Scanned system extensions: 72
[2019-08-28 07:50:50.813] [sharedprocess] [info] Installing extension: jolaleye.horizon-theme-vscode
[2019-08-28 07:50:50.835] [sharedprocess] [info] Scanned user extensions: 8
[2019-08-28 07:50:52.085] [sharedprocess] [info] Downloaded extension: jolaleye.horizon-theme-vscode /tmp/08d3ca99-1176-4234-a11a-12220396bcc9
[2019-08-28 07:50:52.125] [sharedprocess] [info] Extracted extension to /home/f4doraofdoom/.vscode/extensions/.jolaleye.horizon-theme-vscode-2.0.2: jolaleye.horizon-theme-vscode
[2019-08-28 07:50:52.126] [sharedprocess] [info] Renamed to /home/f4doraofdoom/.vscode/extensions/jolaleye.horizon-theme-vscode-2.0.2
[2019-08-28 07:50:52.126] [sharedprocess] [info] Installation completed. jolaleye.horizon-theme-vscode
[2019-08-28 07:50:52.144] [sharedprocess] [info] Extensions installed successfully: jolaleye.horizon-theme-vscode
[2019-08-28 07:51:19.215] [sharedprocess] [info] Scanned user extensions: 9
[2019-08-28 07:51:19.219] [sharedprocess] [info] Scanned user extensions: 9
[2019-08-28 07:51:19.222] [sharedprocess] [info] Scanned user extensions: 9
[2019-08-28 07:51:19.233] [sharedprocess] [info] Scanned system extensions: 72
[2019-08-28 07:51:19.241] [sharedprocess] [info] Scanned system extensions: 72
[2019-08-28 07:51:19.246] [sharedprocess] [info] Scanned system extensions: 72
[2019-08-28 07:53:57.571] [sharedprocess] [info] Scanned user extensions: 9
[2019-08-28 07:54:33.529] [sharedprocess] [info] Scanned user extensions: 9
