User belongs to experiment group 'ShowPlayIcon - control'
User belongs to experiment group 'LS - control'
Starting Microsoft Python language server.
Downloading https://pvsc.azureedge.net/python-language-server-stable/Python-Language-Server-linux-x64.0.3.66.nupkg... complete
Unpacking archive... done
[Info  - 7:49:54] Analysis cache path: /home/f4doraofdoom/snap/vscode/common/.cache/Microsoft/Python Language Server
[Info  - 7:49:54] GetCurrentSearchPaths /usr/bin/python3 
[Info  - 7:49:54] Interpreter search paths:
[Info  - 7:49:54]     /usr/lib/python3.6
[Info  - 7:49:54]     /usr/lib/python3.6/lib-dynload
[Info  - 7:49:54]     /usr/local/lib/python3.6/dist-packages
[Info  - 7:49:54]     /usr/lib/python3/dist-packages
[Info  - 7:49:54] User search paths:
[Info  - 7:49:55] Microsoft Python Language Server version 0.3.66.0
[Info  - 7:49:55] Initializing for /usr/bin/python3
[Info  - 7:50:09] Analysis cache path: /home/f4doraofdoom/snap/vscode/common/.cache/Microsoft/Python Language Server
[Info  - 7:50:09] GetCurrentSearchPaths /usr/bin/python 
[Info  - 7:50:09] Interpreter search paths:
[Info  - 7:50:09]     /usr/lib/python2.7
[Info  - 7:50:09]     /usr/lib/python2.7/plat-x86_64-linux-gnu
[Info  - 7:50:09]     /usr/lib/python2.7/lib-tk
[Info  - 7:50:09]     /usr/lib/python2.7/lib-dynload
[Info  - 7:50:09]     /home/f4doraofdoom/.local/lib/python2.7/site-packages
[Info  - 7:50:09]     /usr/local/lib/python2.7/dist-packages
[Info  - 7:50:09]     /usr/lib/python2.7/dist-packages
[Info  - 7:50:09]     /usr/lib/python2.7/dist-packages/gtk-2.0
[Info  - 7:50:09] User search paths:
[Info  - 7:50:10] Microsoft Python Language Server version 0.3.66.0
[Info  - 7:50:10] Initializing for /usr/bin/python
