[2019-08-28 07:44:29.399] [exthost] [info] extension host started
[2019-08-28 07:44:29.418] [exthost] [info] ExtensionService#_doActivateExtension vscode.debug-auto-launch {"startup":true,"activationEvent":"*"}
[2019-08-28 07:44:29.418] [exthost] [info] ExtensionService#loadCommonJSModule /snap/vscode/93/usr/share/code/resources/app/extensions/debug-auto-launch/dist/extension
[2019-08-28 07:44:29.422] [exthost] [info] ExtensionService#_doActivateExtension vscode.emmet {"startup":true,"activationEvent":"*"}
[2019-08-28 07:44:29.422] [exthost] [info] ExtensionService#loadCommonJSModule /snap/vscode/93/usr/share/code/resources/app/extensions/emmet/dist/extension
[2019-08-28 07:44:29.440] [exthost] [info] ExtensionService#_doActivateExtension vscode.git {"startup":true,"activationEvent":"*"}
[2019-08-28 07:44:29.440] [exthost] [info] ExtensionService#loadCommonJSModule /snap/vscode/93/usr/share/code/resources/app/extensions/git/dist/main
[2019-08-28 07:44:29.552] [exthost] [info] ExtensionService#_doActivateExtension vscode.merge-conflict {"startup":true,"activationEvent":"*"}
[2019-08-28 07:44:29.552] [exthost] [info] ExtensionService#loadCommonJSModule /snap/vscode/93/usr/share/code/resources/app/extensions/merge-conflict/dist/extension
[2019-08-28 07:44:29.557] [exthost] [info] eager extensions activated
[2019-08-28 07:44:45.544] [exthost] [info] ExtensionService#_doActivateExtension ms-vscode.cpptools {"startup":false,"activationEvent":"*"}
[2019-08-28 07:44:45.544] [exthost] [info] ExtensionService#loadCommonJSModule /home/f4doraofdoom/.vscode/extensions/ms-vscode.cpptools-0.25.0/dist/main
[2019-08-28 07:45:31.912] [exthost] [info] ExtensionService#_doActivateExtension eamodio.gitlens {"startup":false,"activationEvent":"*"}
[2019-08-28 07:45:31.912] [exthost] [info] ExtensionService#loadCommonJSModule /home/f4doraofdoom/.vscode/extensions/eamodio.gitlens-9.9.1/dist/extension
[2019-08-28 07:45:32.147] [exthost] [info] ExtensionService#_doActivateExtension vscode.html-language-features {"startup":false,"activationEvent":"onLanguage:html"}
[2019-08-28 07:45:32.147] [exthost] [info] ExtensionService#loadCommonJSModule /snap/vscode/93/usr/share/code/resources/app/extensions/html-language-features/client/dist/htmlMain
[2019-08-28 07:46:21.366] [exthost] [info] ExtensionService#_doActivateExtension ms-vsliveshare.vsliveshare {"startup":false,"activationEvent":"*"}
[2019-08-28 07:46:21.366] [exthost] [info] ExtensionService#loadCommonJSModule /home/f4doraofdoom/.vscode/extensions/ms-vsliveshare.vsliveshare-1.0.721/out/prod/extension-prod
[2019-08-28 07:47:47.476] [exthost] [info] ExtensionService#_doActivateExtension Equinusocio.vsc-material-theme {"startup":false,"activationEvent":"*"}
[2019-08-28 07:47:47.476] [exthost] [info] ExtensionService#loadCommonJSModule /home/f4doraofdoom/.vscode/extensions/equinusocio.vsc-material-theme-29.2.0/out/src/material.theme.config
[2019-08-28 07:47:52.183] [exthost] [info] ExtensionService#_doActivateExtension PKief.material-icon-theme {"startup":false,"activationEvent":"*"}
[2019-08-28 07:47:52.183] [exthost] [info] ExtensionService#loadCommonJSModule /home/f4doraofdoom/.vscode/extensions/pkief.material-icon-theme-3.8.1/dist/extension
[2019-08-28 07:47:57.115] [exthost] [info] extension host started
[2019-08-28 07:47:57.128] [exthost] [info] ExtensionService#_doActivateExtension vscode.debug-auto-launch {"startup":true,"activationEvent":"*"}
[2019-08-28 07:47:57.128] [exthost] [info] ExtensionService#loadCommonJSModule /snap/vscode/93/usr/share/code/resources/app/extensions/debug-auto-launch/dist/extension
[2019-08-28 07:47:57.131] [exthost] [info] ExtensionService#_doActivateExtension vscode.emmet {"startup":true,"activationEvent":"*"}
[2019-08-28 07:47:57.131] [exthost] [info] ExtensionService#loadCommonJSModule /snap/vscode/93/usr/share/code/resources/app/extensions/emmet/dist/extension
[2019-08-28 07:47:57.145] [exthost] [info] ExtensionService#_doActivateExtension vscode.git {"startup":true,"activationEvent":"*"}
[2019-08-28 07:47:57.145] [exthost] [info] ExtensionService#loadCommonJSModule /snap/vscode/93/usr/share/code/resources/app/extensions/git/dist/main
[2019-08-28 07:47:57.220] [exthost] [info] ExtensionService#_doActivateExtension vscode.merge-conflict {"startup":true,"activationEvent":"*"}
[2019-08-28 07:47:57.220] [exthost] [info] ExtensionService#loadCommonJSModule /snap/vscode/93/usr/share/code/resources/app/extensions/merge-conflict/dist/extension
[2019-08-28 07:47:57.226] [exthost] [info] ExtensionService#_doActivateExtension eamodio.gitlens {"startup":true,"activationEvent":"*"}
[2019-08-28 07:47:57.226] [exthost] [info] ExtensionService#loadCommonJSModule /home/f4doraofdoom/.vscode/extensions/eamodio.gitlens-9.9.1/dist/extension
[2019-08-28 07:47:57.333] [exthost] [info] ExtensionService#_doActivateExtension Equinusocio.vsc-material-theme {"startup":true,"activationEvent":"*"}
[2019-08-28 07:47:57.333] [exthost] [info] ExtensionService#loadCommonJSModule /home/f4doraofdoom/.vscode/extensions/equinusocio.vsc-material-theme-29.2.0/out/src/material.theme.config
[2019-08-28 07:47:57.338] [exthost] [info] ExtensionService#_doActivateExtension ms-vsliveshare.vsliveshare {"startup":true,"activationEvent":"*"}
[2019-08-28 07:47:57.338] [exthost] [info] ExtensionService#loadCommonJSModule /home/f4doraofdoom/.vscode/extensions/ms-vsliveshare.vsliveshare-1.0.721/out/prod/extension-prod
[2019-08-28 07:47:57.911] [exthost] [info] ExtensionService#_doActivateExtension PKief.material-icon-theme {"startup":true,"activationEvent":"*"}
[2019-08-28 07:47:57.911] [exthost] [info] ExtensionService#loadCommonJSModule /home/f4doraofdoom/.vscode/extensions/pkief.material-icon-theme-3.8.1/dist/extension
[2019-08-28 07:47:57.923] [exthost] [info] eager extensions activated
[2019-08-28 07:49:10.455] [exthost] [info] extension host started
[2019-08-28 07:49:10.479] [exthost] [info] ExtensionService#_doActivateExtension vscode.debug-auto-launch {"startup":true,"activationEvent":"*"}
[2019-08-28 07:49:10.479] [exthost] [info] ExtensionService#loadCommonJSModule /snap/vscode/93/usr/share/code/resources/app/extensions/debug-auto-launch/dist/extension
[2019-08-28 07:49:10.482] [exthost] [info] ExtensionService#_doActivateExtension vscode.emmet {"startup":true,"activationEvent":"*"}
[2019-08-28 07:49:10.482] [exthost] [info] ExtensionService#loadCommonJSModule /snap/vscode/93/usr/share/code/resources/app/extensions/emmet/dist/extension
[2019-08-28 07:49:10.502] [exthost] [info] ExtensionService#_doActivateExtension vscode.git {"startup":true,"activationEvent":"*"}
[2019-08-28 07:49:10.502] [exthost] [info] ExtensionService#loadCommonJSModule /snap/vscode/93/usr/share/code/resources/app/extensions/git/dist/main
[2019-08-28 07:49:10.598] [exthost] [info] ExtensionService#_doActivateExtension vscode.merge-conflict {"startup":true,"activationEvent":"*"}
[2019-08-28 07:49:10.598] [exthost] [info] ExtensionService#loadCommonJSModule /snap/vscode/93/usr/share/code/resources/app/extensions/merge-conflict/dist/extension
[2019-08-28 07:49:10.604] [exthost] [info] ExtensionService#_doActivateExtension eamodio.gitlens {"startup":true,"activationEvent":"*"}
[2019-08-28 07:49:10.604] [exthost] [info] ExtensionService#loadCommonJSModule /home/f4doraofdoom/.vscode/extensions/eamodio.gitlens-9.9.1/dist/extension
[2019-08-28 07:49:10.755] [exthost] [info] ExtensionService#_doActivateExtension Equinusocio.vsc-material-theme {"startup":true,"activationEvent":"*"}
[2019-08-28 07:49:10.755] [exthost] [info] ExtensionService#loadCommonJSModule /home/f4doraofdoom/.vscode/extensions/equinusocio.vsc-material-theme-29.2.0/out/src/material.theme.config
[2019-08-28 07:49:10.761] [exthost] [info] ExtensionService#_doActivateExtension ms-vsliveshare.vsliveshare {"startup":true,"activationEvent":"*"}
[2019-08-28 07:49:10.761] [exthost] [info] ExtensionService#loadCommonJSModule /home/f4doraofdoom/.vscode/extensions/ms-vsliveshare.vsliveshare-1.0.721/out/prod/extension-prod
[2019-08-28 07:49:11.357] [exthost] [info] ExtensionService#_doActivateExtension PKief.material-icon-theme {"startup":true,"activationEvent":"*"}
[2019-08-28 07:49:11.357] [exthost] [info] ExtensionService#loadCommonJSModule /home/f4doraofdoom/.vscode/extensions/pkief.material-icon-theme-3.8.1/dist/extension
[2019-08-28 07:49:11.371] [exthost] [info] eager extensions activated
[2019-08-28 07:49:18.675] [exthost] [info] ExtensionService#_doActivateExtension vscode.python {"startup":false,"activationEvent":"onLanguage:python"}
[2019-08-28 07:49:18.675] [exthost] [info] ExtensionService#loadCommonJSModule /snap/vscode/93/usr/share/code/resources/app/extensions/python/out/pythonMain
[2019-08-28 07:49:18.676] [exthost] [info] ExtensionService#_doActivateExtension ms-python.python {"startup":false,"activationEvent":"onLanguage:python"}
[2019-08-28 07:49:18.676] [exthost] [info] ExtensionService#loadCommonJSModule /home/f4doraofdoom/.vscode/extensions/ms-python.python-2019.6.24221/out/client/extension
[2019-08-28 07:49:19.081] [exthost] [info] ExtensionService#_doActivateExtension VisualStudioExptTeam.vscodeintellicode {"startup":false,"activationEvent":"onLanguage:python"}
[2019-08-28 07:49:19.081] [exthost] [info] ExtensionService#loadCommonJSModule /home/f4doraofdoom/.vscode/extensions/visualstudioexptteam.vscodeintellicode-1.1.9/dist/intellicode
[2019-08-28 07:49:19.465] [exthost] [info] ExtensionService#_doActivateExtension vscode.configuration-editing {"startup":false,"activationEvent":"onLanguage:jsonc"}
[2019-08-28 07:49:19.465] [exthost] [info] ExtensionService#loadCommonJSModule /snap/vscode/93/usr/share/code/resources/app/extensions/configuration-editing/dist/extension
[2019-08-28 07:49:19.480] [exthost] [info] ExtensionService#_doActivateExtension vscode.json-language-features {"startup":false,"activationEvent":"onLanguage:jsonc"}
[2019-08-28 07:49:19.480] [exthost] [info] ExtensionService#loadCommonJSModule /snap/vscode/93/usr/share/code/resources/app/extensions/json-language-features/client/dist/jsonMain
[2019-08-28 07:49:19.541] [exthost] [info] ExtensionService#_doActivateExtension vscode.typescript-language-features {"startup":false,"activationEvent":"onLanguage:jsonc"}
[2019-08-28 07:49:19.541] [exthost] [info] ExtensionService#loadCommonJSModule /snap/vscode/93/usr/share/code/resources/app/extensions/typescript-language-features/dist/extension
[2019-08-28 07:49:31.424] [exthost] [info] extension host started
[2019-08-28 07:49:31.465] [exthost] [info] ExtensionService#_doActivateExtension vscode.python {"startup":false,"activationEvent":"onLanguage:python"}
[2019-08-28 07:49:31.465] [exthost] [info] ExtensionService#loadCommonJSModule /snap/vscode/93/usr/share/code/resources/app/extensions/python/out/pythonMain
[2019-08-28 07:49:31.467] [exthost] [info] ExtensionService#_doActivateExtension ms-python.python {"startup":false,"activationEvent":"onLanguage:python"}
[2019-08-28 07:49:31.467] [exthost] [info] ExtensionService#loadCommonJSModule /home/f4doraofdoom/.vscode/extensions/ms-python.python-2019.6.24221/out/client/extension
[2019-08-28 07:49:32.068] [exthost] [info] ExtensionService#_doActivateExtension VisualStudioExptTeam.vscodeintellicode {"startup":false,"activationEvent":"onLanguage:python"}
[2019-08-28 07:49:32.068] [exthost] [info] ExtensionService#loadCommonJSModule /home/f4doraofdoom/.vscode/extensions/visualstudioexptteam.vscodeintellicode-1.1.9/dist/intellicode
[2019-08-28 07:49:32.175] [exthost] [info] ExtensionService#_doActivateExtension vscode.debug-auto-launch {"startup":true,"activationEvent":"*"}
[2019-08-28 07:49:32.175] [exthost] [info] ExtensionService#loadCommonJSModule /snap/vscode/93/usr/share/code/resources/app/extensions/debug-auto-launch/dist/extension
[2019-08-28 07:49:32.177] [exthost] [info] ExtensionService#_doActivateExtension vscode.emmet {"startup":true,"activationEvent":"*"}
[2019-08-28 07:49:32.177] [exthost] [info] ExtensionService#loadCommonJSModule /snap/vscode/93/usr/share/code/resources/app/extensions/emmet/dist/extension
[2019-08-28 07:49:32.188] [exthost] [info] ExtensionService#_doActivateExtension vscode.git {"startup":true,"activationEvent":"*"}
[2019-08-28 07:49:32.188] [exthost] [info] ExtensionService#loadCommonJSModule /snap/vscode/93/usr/share/code/resources/app/extensions/git/dist/main
[2019-08-28 07:49:32.255] [exthost] [info] ExtensionService#_doActivateExtension vscode.merge-conflict {"startup":true,"activationEvent":"*"}
[2019-08-28 07:49:32.255] [exthost] [info] ExtensionService#loadCommonJSModule /snap/vscode/93/usr/share/code/resources/app/extensions/merge-conflict/dist/extension
[2019-08-28 07:49:32.267] [exthost] [info] ExtensionService#_doActivateExtension eamodio.gitlens {"startup":true,"activationEvent":"*"}
[2019-08-28 07:49:32.267] [exthost] [info] ExtensionService#loadCommonJSModule /home/f4doraofdoom/.vscode/extensions/eamodio.gitlens-9.9.1/dist/extension
[2019-08-28 07:49:32.409] [exthost] [info] ExtensionService#_doActivateExtension Equinusocio.vsc-material-theme {"startup":true,"activationEvent":"*"}
[2019-08-28 07:49:32.409] [exthost] [info] ExtensionService#loadCommonJSModule /home/f4doraofdoom/.vscode/extensions/equinusocio.vsc-material-theme-29.2.0/out/src/material.theme.config
[2019-08-28 07:49:32.414] [exthost] [info] ExtensionService#_doActivateExtension ms-vsliveshare.vsliveshare {"startup":true,"activationEvent":"*"}
[2019-08-28 07:49:32.414] [exthost] [info] ExtensionService#loadCommonJSModule /home/f4doraofdoom/.vscode/extensions/ms-vsliveshare.vsliveshare-1.0.721/out/prod/extension-prod
[2019-08-28 07:49:33.021] [exthost] [info] ExtensionService#_doActivateExtension PKief.material-icon-theme {"startup":true,"activationEvent":"*"}
[2019-08-28 07:49:33.021] [exthost] [info] ExtensionService#loadCommonJSModule /home/f4doraofdoom/.vscode/extensions/pkief.material-icon-theme-3.8.1/dist/extension
[2019-08-28 07:49:33.036] [exthost] [info] eager extensions activated
[2019-08-28 07:49:33.383] [exthost] [info] ExtensionService#_doActivateExtension vscode.configuration-editing {"startup":false,"activationEvent":"onLanguage:jsonc"}
[2019-08-28 07:49:33.383] [exthost] [info] ExtensionService#loadCommonJSModule /snap/vscode/93/usr/share/code/resources/app/extensions/configuration-editing/dist/extension
[2019-08-28 07:49:33.397] [exthost] [info] ExtensionService#_doActivateExtension vscode.json-language-features {"startup":false,"activationEvent":"onLanguage:jsonc"}
[2019-08-28 07:49:33.397] [exthost] [info] ExtensionService#loadCommonJSModule /snap/vscode/93/usr/share/code/resources/app/extensions/json-language-features/client/dist/jsonMain
[2019-08-28 07:49:33.453] [exthost] [info] ExtensionService#_doActivateExtension vscode.typescript-language-features {"startup":false,"activationEvent":"onLanguage:jsonc"}
[2019-08-28 07:49:33.453] [exthost] [info] ExtensionService#loadCommonJSModule /snap/vscode/93/usr/share/code/resources/app/extensions/typescript-language-features/dist/extension
